<?xml version="1.0" encoding="UTF-8"?>
<!-- Generated by org.testng.reporters.JUnitReportReporter -->
<testsuite hostname="baskar-9507" failures="0" tests="2" name="FlightTicketAppTest.FileHandlerTesting" time="0.025" errors="0" timestamp="2023-05-05T03:01:22 IST" skipped="0">
  <testcase classname="FlightTicketAppTest.FileHandlerTesting" name="TestCreateFileValid" time="0.017"/>
  <system-out/>
  <testcase classname="FlightTicketAppTest.FileHandlerTesting" name="TestEnterData" time="0.008"/>
  <system-out/>
</testsuite> <!-- FlightTicketAppTest.FileHandlerTesting -->
