<?xml version="1.0" encoding="UTF-8"?>
<!-- Generated by org.testng.reporters.JUnitReportReporter -->
<testsuite hostname="baskar-9507" failures="0" tests="9" name="FlightTicketAppTest.TicketTesting" time="0.025" errors="0" timestamp="2023-05-05T02:34:30 IST" skipped="0">
  <testcase classname="FlightTicketAppTest.TicketTesting" name="TestInvalidFormat" time="0.002"/>
  <system-out/>
  <testcase classname="FlightTicketAppTest.TicketTesting" name="TestFalseCriteria" time="0.001"/>
  <system-out/>
  <testcase classname="FlightTicketAppTest.TicketTesting" name="TestEmptyTravelDate" time="0.002"/>
  <system-out/>
  <testcase classname="FlightTicketAppTest.TicketTesting" name="TestInvalidTicketDateDay" time="0.002"/>
  <system-out/>
  <testcase classname="FlightTicketAppTest.TicketTesting" name="TestInvalidTravelDateMonth" time="0.001"/>
  <system-out/>
  <testcase classname="FlightTicketAppTest.TicketTesting" name="TestValidTicket" time="0.001"/>
  <system-out/>
  <testcase classname="FlightTicketAppTest.TicketTesting" name="TestInvalidTicketDateMonth" time="0.002"/>
  <system-out/>
  <testcase classname="FlightTicketAppTest.TicketTesting" name="TestEmptyTicketDate" time="0.013"/>
  <system-out/>
  <testcase classname="FlightTicketAppTest.TicketTesting" name="TestInvalidTravelDateDay" time="0.001"/>
  <system-out/>
</testsuite> <!-- FlightTicketAppTest.TicketTesting -->
