<?xml version="1.0" encoding="UTF-8"?>
<!-- Generated by org.testng.reporters.JUnitReportReporter -->
<testsuite hostname="baskar-9507" failures="0" tests="4" name="FlightTicketAppTest.DiscountCodeTesting" time="0.013" errors="0" timestamp="2023-05-05T02:50:53 IST" skipped="0">
  <testcase classname="FlightTicketAppTest.DiscountCodeTesting" name="TestOtherCharacters" time="0.001"/>
  <system-out/>
  <testcase classname="FlightTicketAppTest.DiscountCodeTesting" name="TestValidDiscountCode" time="0.001"/>
  <system-out/>
  <testcase classname="FlightTicketAppTest.DiscountCodeTesting" name="TestEmpty" time="0.011"/>
  <system-out/>
  <testcase classname="FlightTicketAppTest.DiscountCodeTesting" name="TestLowerCase" time="0.000"/>
  <system-out/>
</testsuite> <!-- FlightTicketAppTest.DiscountCodeTesting -->
