<?xml version="1.0" encoding="UTF-8"?>
<!-- Generated by org.testng.reporters.JUnitReportReporter -->
<testsuite hostname="baskar-9507" failures="0" tests="9" name="testing.TestingApp" time="0.021" errors="0" timestamp="2023-05-04T01:06:20 IST" skipped="0">
  <testcase classname="testing.TestingApp" name="TestPNR" time="0.001"/>
  <system-out/>
  <testcase classname="testing.TestingApp" name="TestEmail" time="0.001"/>
  <system-out/>
  <testcase classname="testing.TestingApp" name="TestCabin" time="0.008"/>
  <system-out/>
  <testcase classname="testing.TestingApp" name="TestEnterData" time="0.004"/>
  <system-out/>
  <testcase classname="testing.TestingApp" name="TestCreateFile" time="0.004"/>
  <system-out/>
  <testcase classname="testing.TestingApp" name="TestTicket" time="0.001"/>
  <system-out/>
  <testcase classname="testing.TestingApp" name="TestColumnValidation" time="0.001"/>
  <system-out/>
  <testcase classname="testing.TestingApp" name="TestDiscountCode" time="0.001"/>
  <system-out/>
  <testcase classname="testing.TestingApp" name="TestMobile" time="0.000"/>
  <system-out/>
</testsuite> <!-- testing.TestingApp -->
