<?xml version="1.0" encoding="UTF-8"?>
<!-- Generated by org.testng.reporters.JUnitReportReporter -->
<testsuite hostname="baskar-9507" failures="0" tests="5" name="FlightTicketAppTest.MobilePhoneTesting" time="0.016" errors="0" timestamp="2023-05-05T02:24:04 IST" skipped="0">
  <testcase classname="FlightTicketAppTest.MobilePhoneTesting" name="TestEmptyMobile" time="0.010"/>
  <system-out/>
  <testcase classname="FlightTicketAppTest.MobilePhoneTesting" name="TestValidMobile" time="0.002"/>
  <system-out/>
  <testcase classname="FlightTicketAppTest.MobilePhoneTesting" name="TestLessthanTen" time="0.001"/>
  <system-out/>
  <testcase classname="FlightTicketAppTest.MobilePhoneTesting" name="TestNonNumeric" time="0.002"/>
  <system-out/>
  <testcase classname="FlightTicketAppTest.MobilePhoneTesting" name="TestMorethanTen" time="0.001"/>
  <system-out/>
</testsuite> <!-- FlightTicketAppTest.MobilePhoneTesting -->
