<?xml version="1.0" encoding="UTF-8"?>
<!-- Generated by org.testng.reporters.JUnitReportReporter -->
<testsuite hostname="baskar-9507" failures="0" tests="4" name="FlightTicketAppTest.PNRTesting" time="0.016" errors="0" timestamp="2023-05-05T02:42:57 IST" skipped="0">
  <testcase classname="FlightTicketAppTest.PNRTesting" name="TestLessThanSix" time="0.012"/>
  <system-out/>
  <testcase classname="FlightTicketAppTest.PNRTesting" name="TestMoreThanSix" time="0.001"/>
  <system-out/>
  <testcase classname="FlightTicketAppTest.PNRTesting" name="TestValidPNR" time="0.001"/>
  <system-out/>
  <testcase classname="FlightTicketAppTest.PNRTesting" name="TestOnlyNumeric" time="0.002"/>
  <system-out/>
</testsuite> <!-- FlightTicketAppTest.PNRTesting -->
