<?xml version="1.0" encoding="UTF-8"?>
<!-- Generated by org.testng.reporters.JUnitReportReporter -->
<testsuite hostname="baskar-9507" failures="0" tests="13" name="FlightTicketAppTest.EmailTesting" time="0.011" errors="0" timestamp="2023-05-05T01:54:21 IST" skipped="0">
  <testcase classname="FlightTicketAppTest.EmailTesting" name="TestwithSpecialCharacterAtStarting" time="0.000"/>
  <system-out/>
  <testcase classname="FlightTicketAppTest.EmailTesting" name="TestEmptyEmail" time="0.007"/>
  <system-out/>
  <testcase classname="FlightTicketAppTest.EmailTesting" name="TestNumbersinDomain" time="0.001"/>
  <system-out/>
  <testcase classname="FlightTicketAppTest.EmailTesting" name="TestValidEmail" time="0.000"/>
  <system-out/>
  <testcase classname="FlightTicketAppTest.EmailTesting" name="TestwithSpecialCharacterAtDomain" time="0.000"/>
  <system-out/>
  <testcase classname="FlightTicketAppTest.EmailTesting" name="TestFiveCharactersinTLD" time="0.000"/>
  <system-out/>
  <testcase classname="FlightTicketAppTest.EmailTesting" name="TestWithoutTLD" time="0.001"/>
  <system-out/>
  <testcase classname="FlightTicketAppTest.EmailTesting" name="TestnoDataAfterAt" time="0.001"/>
  <system-out/>
  <testcase classname="FlightTicketAppTest.EmailTesting" name="TesttwoAts" time="0.000"/>
  <system-out/>
  <testcase classname="FlightTicketAppTest.EmailTesting" name="TestOneCharacterinTLD" time="0.001"/>
  <system-out/>
  <testcase classname="FlightTicketAppTest.EmailTesting" name="TestwithSpecialCharacterAtTLD" time="0.000"/>
  <system-out/>
  <testcase classname="FlightTicketAppTest.EmailTesting" name="TestNumbersinTLD" time="0.000"/>
  <system-out/>
  <testcase classname="FlightTicketAppTest.EmailTesting" name="TestnoDataBeforeAt" time="0.000"/>
  <system-out/>
</testsuite> <!-- FlightTicketAppTest.EmailTesting -->
