<?xml version="1.0" encoding="UTF-8"?>
<!-- Generated by org.testng.reporters.JUnitReportReporter -->
<testsuite hostname="baskar-9507" failures="0" tests="7" name="FlightTicketAppTest.BookedCabinTesting" time="0.020" errors="0" timestamp="2023-05-05T02:46:58 IST" skipped="0">
  <testcase classname="FlightTicketAppTest.BookedCabinTesting" name="TestEmptyCabin" time="0.001"/>
  <system-out/>
  <testcase classname="FlightTicketAppTest.BookedCabinTesting" name="TestBusinessCabin" time="0.013"/>
  <system-out/>
  <testcase classname="FlightTicketAppTest.BookedCabinTesting" name="TestEconomyCabin" time="0.001"/>
  <system-out/>
  <testcase classname="FlightTicketAppTest.BookedCabinTesting" name="TestFirstCabin" time="0.002"/>
  <system-out/>
  <testcase classname="FlightTicketAppTest.BookedCabinTesting" name="TestPremiumEconomyCabin" time="0.001"/>
  <system-out/>
  <testcase classname="FlightTicketAppTest.BookedCabinTesting" name="TestLowerCase" time="0.001"/>
  <system-out/>
  <testcase classname="FlightTicketAppTest.BookedCabinTesting" name="TestOtherValues" time="0.001"/>
  <system-out/>
</testsuite> <!-- FlightTicketAppTest.BookedCabinTesting -->
