<?xml version="1.0" encoding="UTF-8"?>
<!-- Generated by org.testng.reporters.JUnitReportReporter -->
<testsuite hostname="baskar-9507" failures="0" tests="4" name="FlightTicketAppTest.ColumnValidationTesting" time="0.017" errors="0" timestamp="2023-05-05T02:56:52 IST" skipped="0">
  <testcase classname="FlightTicketAppTest.ColumnValidationTesting" name="TestMissingColumn" time="0.001"/>
  <system-out/>
  <testcase classname="FlightTicketAppTest.ColumnValidationTesting" name="TestValidColumns" time="0.001"/>
  <system-out/>
  <testcase classname="FlightTicketAppTest.ColumnValidationTesting" name="TestAdditionalColumns" time="0.014"/>
  <system-out/>
  <testcase classname="FlightTicketAppTest.ColumnValidationTesting" name="TestCasesenstive" time="0.001"/>
  <system-out/>
</testsuite> <!-- FlightTicketAppTest.ColumnValidationTesting -->
