<?xml version="1.0" encoding="UTF-8"?>
<!-- Generated by org.testng.reporters.JUnitReportReporter -->
<testsuite hostname="baskar-9507" failures="0" tests="4" name="FlightTicketAppTest.DiscountCodeTests" time="0.014" errors="0" timestamp="2023-05-05T18:07:34 IST" skipped="0">
  <testcase classname="FlightTicketAppTest.DiscountCodeTests" name="TestValidDiscountCode" time="0.002"/>
  <system-out/>
  <testcase classname="FlightTicketAppTest.DiscountCodeTests" name="TestOtherCharacters" time="0.002"/>
  <system-out/>
  <testcase classname="FlightTicketAppTest.DiscountCodeTests" name="TestLowerCase" time="0.001"/>
  <system-out/>
  <testcase classname="FlightTicketAppTest.DiscountCodeTests" name="TestEmpty" time="0.009"/>
  <system-out/>
</testsuite> <!-- FlightTicketAppTest.DiscountCodeTests -->
